<?xml version="1.0" encoding="UTF-8"?>
<!-- Generated by org.testng.reporters.JUnitXMLReporter -->
<testsuite ignored="0" hostname="INKOCWL000425" failures="0" tests="3" name="Testedge" time="6.16" errors="0" timestamp="2024-01-08T09:17:04 IST">
  <testcase classname="parrallelexecution.ParrallelTenstNG" name="checkParrell" time="2.052"/>
  <testcase classname="parrallelexecution.ParrallelTenstNG" name="checkParrell" time="2.01"/>
  <testcase classname="parrallelexecution.ParrallelTenstNG" name="checkParrell" time="2.008"/>
</testsuite> <!-- Testedge -->
