<?xml version="1.0" encoding="UTF-8"?>
<testng-results ignored="0" total="1" passed="1" failed="0" skipped="0">
  <reporter-output>
  </reporter-output>
  <suite started-at="2024-01-13T11:49:45 IST" name="Default suite" finished-at="2024-01-13T11:50:10 IST" duration-ms="25251">
    <groups>
    </groups>
    <test started-at="2024-01-13T11:49:45 IST" name="Default test" finished-at="2024-01-13T11:50:10 IST" duration-ms="25251">
      <class name="com.makemytrip.FlightVerification">
        <test-method is-config="true" signature="setUp()[pri:0, instance:com.makemytrip.FlightVerification@909217e]" started-at="2024-01-13T11:49:45 IST" name="setUp" finished-at="2024-01-13T11:49:59 IST" duration-ms="13502" status="PASS">
          <reporter-output>
          </reporter-output>
        </test-method> <!-- setUp -->
        <test-method signature="verifyFlights()[pri:0, instance:com.makemytrip.FlightVerification@909217e]" started-at="2024-01-13T11:49:59 IST" name="verifyFlights" finished-at="2024-01-13T11:50:09 IST" duration-ms="10376" status="PASS">
          <reporter-output>
          </reporter-output>
        </test-method> <!-- verifyFlights -->
        <test-method is-config="true" signature="tearDown()[pri:0, instance:com.makemytrip.FlightVerification@909217e]" started-at="2024-01-13T11:50:09 IST" name="tearDown" finished-at="2024-01-13T11:50:10 IST" duration-ms="1262" status="PASS">
          <reporter-output>
          </reporter-output>
        </test-method> <!-- tearDown -->
      </class> <!-- com.makemytrip.FlightVerification -->
    </test> <!-- Default test -->
  </suite> <!-- Default suite -->
</testng-results>
